2013-03-19 10:46:06 Error: [MissingControllerException] Controller class JsController could not be found.
Exception Attributes: array (
  'class' => 'JsController',
  'plugin' => NULL,
)
Request URL: /dev/cal/js/jQuery/jquery-ui-1.10.1.custom.js
Stack Trace:
#0 D:\Projects\Joomla\dev\cal\webroot\index.php(110): Dispatcher->dispatch(Object(CakeRequest), Object(CakeResponse))
#1 {main}
2013-03-19 10:46:06 Error: [MissingControllerException] Controller class JsController could not be found.
Exception Attributes: array (
  'class' => 'JsController',
  'plugin' => NULL,
)
Request URL: /dev/cal/js/jQuery/jquery-1.9.1.js
Stack Trace:
#0 D:\Projects\Joomla\dev\cal\webroot\index.php(110): Dispatcher->dispatch(Object(CakeRequest), Object(CakeResponse))
#1 {main}
2013-03-19 10:46:06 Error: [MissingControllerException] Controller class JsController could not be found.
Exception Attributes: array (
  'class' => 'JsController',
  'plugin' => NULL,
)
Request URL: /dev/cal/js/jQuery/jquery-ui-1.10.1.custom.js
Stack Trace:
#0 D:\Projects\Joomla\dev\cal\webroot\index.php(110): Dispatcher->dispatch(Object(CakeRequest), Object(CakeResponse))
#1 {main}
2013-03-19 10:56:52 Error: [ConfigureException] Could not load configuration file: D:\Projects\Joomla\dev\cal\Config\html5_tags.php
Request URL: /dev/cal/
Stack Trace:
#0 D:\Projects\Joomla\.library\cake\2.3.1\lib\Cake\View\Helper\HtmlHelper.php(1210): PhpReader->read('html5_tags')
#1 D:\Projects\Joomla\dev\cal\View\Helper\BootstrapHtmlHelper.php(14): HtmlHelper->loadConfig('html5_tags')
#2 D:\Projects\Joomla\.library\cake\2.3.1\lib\Cake\View\HelperCollection.php(136): BootstrapHtmlHelper->__construct(Object(View), Array)
#3 D:\Projects\Joomla\.library\cake\2.3.1\lib\Cake\View\View.php(885): HelperCollection->load('Html', Array)
#4 D:\Projects\Joomla\.library\cake\2.3.1\lib\Cake\View\View.php(464): View->loadHelpers()
#5 D:\Projects\Joomla\.library\cake\2.3.1\lib\Cake\Controller\Controller.php(948): View->render('home', NULL)
#6 D:\Projects\Joomla\dev\cal\Controller\PagesController.php(73): Controller->render('home')
#7 [internal function]: PagesController->display('home')
#8 D:\Projects\Joomla\.library\cake\2.3.1\lib\Cake\Controller\Controller.php(486): ReflectionMethod->invokeArgs(Object(PagesController), Array)
#9 D:\Projects\Joomla\.library\cake\2.3.1\lib\Cake\Routing\Dispatcher.php(187): Controller->invokeAction(Object(CakeRequest))
#10 D:\Projects\Joomla\.library\cake\2.3.1\lib\Cake\Routing\Dispatcher.php(162): Dispatcher->_invoke(Object(PagesController), Object(CakeRequest), Object(CakeResponse))
#11 D:\Projects\Joomla\dev\cal\webroot\index.php(110): Dispatcher->dispatch(Object(CakeRequest), Object(CakeResponse))
#12 {main}
2013-03-19 10:56:53 Error: [MissingControllerException] Controller class CssController could not be found.
Exception Attributes: array (
  'class' => 'CssController',
  'plugin' => NULL,
)
Request URL: /dev/cal/css/cake.generic.css
Stack Trace:
#0 D:\Projects\Joomla\dev\cal\webroot\index.php(110): Dispatcher->dispatch(Object(CakeRequest), Object(CakeResponse))
#1 {main}
2013-03-19 12:22:20 Error: [MissingActionException] Action TestController::img() could not be found.
Exception Attributes: array (
  'controller' => 'TestController',
  'action' => 'img',
)
Request URL: /dev/cal/test/img/ico/favicon.png
Stack Trace:
#0 D:\Projects\Joomla\.library\cake\2.3.1\lib\Cake\Routing\Dispatcher.php(187): Controller->invokeAction(Object(CakeRequest))
#1 D:\Projects\Joomla\.library\cake\2.3.1\lib\Cake\Routing\Dispatcher.php(162): Dispatcher->_invoke(Object(TestController), Object(CakeRequest), Object(CakeResponse))
#2 D:\Projects\Joomla\dev\cal\webroot\index.php(110): Dispatcher->dispatch(Object(CakeRequest), Object(CakeResponse))
#3 {main}
2013-03-19 12:22:20 Error: [MissingActionException] Action TestController::img() could not be found.
Exception Attributes: array (
  'controller' => 'TestController',
  'action' => 'img',
)
Request URL: /dev/cal/test/img/ico/favicon.png
Stack Trace:
#0 D:\Projects\Joomla\.library\cake\2.3.1\lib\Cake\Routing\Dispatcher.php(187): Controller->invokeAction(Object(CakeRequest))
#1 D:\Projects\Joomla\.library\cake\2.3.1\lib\Cake\Routing\Dispatcher.php(162): Dispatcher->_invoke(Object(TestController), Object(CakeRequest), Object(CakeResponse))
#2 D:\Projects\Joomla\dev\cal\webroot\index.php(110): Dispatcher->dispatch(Object(CakeRequest), Object(CakeResponse))
#3 {main}
2013-03-19 12:23:46 Error: [MissingActionException] Action TestController::components.html() could not be found.
Exception Attributes: array (
  'controller' => 'TestController',
  'action' => 'components.html',
)
Request URL: /dev/cal/test/components.html
Stack Trace:
#0 D:\Projects\Joomla\.library\cake\2.3.1\lib\Cake\Routing\Dispatcher.php(187): Controller->invokeAction(Object(CakeRequest))
#1 D:\Projects\Joomla\.library\cake\2.3.1\lib\Cake\Routing\Dispatcher.php(162): Dispatcher->_invoke(Object(TestController), Object(CakeRequest), Object(CakeResponse))
#2 D:\Projects\Joomla\dev\cal\webroot\index.php(110): Dispatcher->dispatch(Object(CakeRequest), Object(CakeResponse))
#3 {main}
2013-03-19 12:23:53 Error: [MissingActionException] Action TestController::extra.html() could not be found.
Exception Attributes: array (
  'controller' => 'TestController',
  'action' => 'extra.html',
)
Request URL: /dev/cal/test/extra.html
Stack Trace:
#0 D:\Projects\Joomla\.library\cake\2.3.1\lib\Cake\Routing\Dispatcher.php(187): Controller->invokeAction(Object(CakeRequest))
#1 D:\Projects\Joomla\.library\cake\2.3.1\lib\Cake\Routing\Dispatcher.php(162): Dispatcher->_invoke(Object(TestController), Object(CakeRequest), Object(CakeResponse))
#2 D:\Projects\Joomla\dev\cal\webroot\index.php(110): Dispatcher->dispatch(Object(CakeRequest), Object(CakeResponse))
#3 {main}
2013-03-19 12:48:01 Error: [MissingActionException] Action TestController::img() could not be found.
Exception Attributes: array (
  'controller' => 'TestController',
  'action' => 'img',
)
Request URL: /dev/cal/test/img/ico/apple-touch-icon-57-precomposed.png
Stack Trace:
#0 D:\Projects\Joomla\.library\cake\2.3.1\lib\Cake\Routing\Dispatcher.php(187): Controller->invokeAction(Object(CakeRequest))
#1 D:\Projects\Joomla\.library\cake\2.3.1\lib\Cake\Routing\Dispatcher.php(162): Dispatcher->_invoke(Object(TestController), Object(CakeRequest), Object(CakeResponse))
#2 D:\Projects\Joomla\dev\cal\webroot\index.php(110): Dispatcher->dispatch(Object(CakeRequest), Object(CakeResponse))
#3 {main}
2013-03-19 13:09:53 Error: [MissingControllerException] Controller class CalController could not be found.
Exception Attributes: array (
  'class' => 'CalController',
  'plugin' => NULL,
)
Request URL: /dev/cal/cal/css/bootstrap.min.css
Stack Trace:
#0 D:\Projects\Joomla\dev\cal\webroot\index.php(110): Dispatcher->dispatch(Object(CakeRequest), Object(CakeResponse))
#1 {main}
2013-03-19 13:09:56 Error: [MissingControllerException] Controller class CalController could not be found.
Exception Attributes: array (
  'class' => 'CalController',
  'plugin' => NULL,
)
Request URL: /dev/cal/cal/css/bootstrap.min.css
Stack Trace:
#0 D:\Projects\Joomla\dev\cal\webroot\index.php(110): Dispatcher->dispatch(Object(CakeRequest), Object(CakeResponse))
#1 {main}
2013-03-19 13:10:36 Error: [MissingControllerException] Controller class CalController could not be found.
Exception Attributes: array (
  'class' => 'CalController',
  'plugin' => NULL,
)
Request URL: /dev/cal/cal/css/bootstrap.min.css
Stack Trace:
#0 D:\Projects\Joomla\dev\cal\webroot\index.php(110): Dispatcher->dispatch(Object(CakeRequest), Object(CakeResponse))
#1 {main}
2013-03-19 13:10:37 Error: [MissingControllerException] Controller class CalController could not be found.
Exception Attributes: array (
  'class' => 'CalController',
  'plugin' => NULL,
)
Request URL: /dev/cal/cal/css/bootstrap.min.css
Stack Trace:
#0 D:\Projects\Joomla\dev\cal\webroot\index.php(110): Dispatcher->dispatch(Object(CakeRequest), Object(CakeResponse))
#1 {main}
2013-03-19 13:11:42 Error: [MissingControllerException] Controller class CalController could not be found.
Exception Attributes: array (
  'class' => 'CalController',
  'plugin' => NULL,
)
Request URL: /dev/cal/cal/css/bootstrap.min.css
Stack Trace:
#0 D:\Projects\Joomla\dev\cal\webroot\index.php(110): Dispatcher->dispatch(Object(CakeRequest), Object(CakeResponse))
#1 {main}
2013-03-19 13:12:26 Error: [MissingControllerException] Controller class CalController could not be found.
Exception Attributes: array (
  'class' => 'CalController',
  'plugin' => NULL,
)
Request URL: /dev/cal/cal/css/bootstrap.min.css
Stack Trace:
#0 D:\Projects\Joomla\dev\cal\webroot\index.php(110): Dispatcher->dispatch(Object(CakeRequest), Object(CakeResponse))
#1 {main}
2013-03-19 14:31:26 Error: [MissingControllerException] Controller class CssController could not be found.
Exception Attributes: array (
  'class' => 'CssController',
  'plugin' => NULL,
)
Request URL: /dev/cal/css/smoothness/images/ui-bg_highlight-soft_75_cccccc_1x100.png
Stack Trace:
#0 D:\Projects\Joomla\dev\cal\webroot\index.php(110): Dispatcher->dispatch(Object(CakeRequest), Object(CakeResponse))
#1 {main}
2013-03-19 14:32:13 Error: [MissingControllerException] Controller class CssController could not be found.
Exception Attributes: array (
  'class' => 'CssController',
  'plugin' => NULL,
)
Request URL: /dev/cal/css/smoothness/images/ui-bg_highlight-soft_75_cccccc_1x100.png
Stack Trace:
#0 D:\Projects\Joomla\dev\cal\webroot\index.php(110): Dispatcher->dispatch(Object(CakeRequest), Object(CakeResponse))
#1 {main}
2013-03-19 15:00:33 Error: [MissingControllerException] Controller class CssController could not be found.
Exception Attributes: array (
  'class' => 'CssController',
  'plugin' => NULL,
)
Request URL: /dev/cal/css/smoothness/images/ui-bg_highlight-soft_75_cccccc_1x100.png
Stack Trace:
#0 D:\Projects\Joomla\dev\cal\webroot\index.php(110): Dispatcher->dispatch(Object(CakeRequest), Object(CakeResponse))
#1 {main}
2013-03-19 15:03:24 Error: [MissingControllerException] Controller class CssController could not be found.
Exception Attributes: array (
  'class' => 'CssController',
  'plugin' => NULL,
)
Request URL: /dev/cal/css/smoothness/images/ui-bg_highlight-soft_75_cccccc_1x100.png
Stack Trace:
#0 D:\Projects\Joomla\dev\cal\webroot\index.php(110): Dispatcher->dispatch(Object(CakeRequest), Object(CakeResponse))
#1 {main}
2013-03-19 15:03:46 Error: [MissingControllerException] Controller class CssController could not be found.
Exception Attributes: array (
  'class' => 'CssController',
  'plugin' => NULL,
)
Request URL: /dev/cal/css/smoothness/images/ui-bg_highlight-soft_75_cccccc_1x100.png
Stack Trace:
#0 D:\Projects\Joomla\dev\cal\webroot\index.php(110): Dispatcher->dispatch(Object(CakeRequest), Object(CakeResponse))
#1 {main}
2013-03-19 15:04:00 Error: [MissingControllerException] Controller class CssController could not be found.
Exception Attributes: array (
  'class' => 'CssController',
  'plugin' => NULL,
)
Request URL: /dev/cal/css/smoothness/images/ui-bg_highlight-soft_75_cccccc_1x100.png
Stack Trace:
#0 D:\Projects\Joomla\dev\cal\webroot\index.php(110): Dispatcher->dispatch(Object(CakeRequest), Object(CakeResponse))
#1 {main}
2013-03-19 15:14:47 Error: [MissingControllerException] Controller class JsController could not be found.
Exception Attributes: array (
  'class' => 'JsController',
  'plugin' => NULL,
)
Request URL: /dev/cal/js/jQuery/jquery-ui.datepicker-it.js
Stack Trace:
#0 D:\Projects\Joomla\dev\cal\webroot\index.php(110): Dispatcher->dispatch(Object(CakeRequest), Object(CakeResponse))
#1 {main}
2013-03-19 15:14:47 Error: [MissingControllerException] Controller class JsController could not be found.
Exception Attributes: array (
  'class' => 'JsController',
  'plugin' => NULL,
)
Request URL: /dev/cal/js/jQuery/jquery-ui.datepicker-it.js
Stack Trace:
#0 D:\Projects\Joomla\dev\cal\webroot\index.php(110): Dispatcher->dispatch(Object(CakeRequest), Object(CakeResponse))
#1 {main}
2013-03-19 15:29:18 Error: [MissingTableException] Table events for model Event was not found in datasource default.
Exception Attributes: array (
  'table' => 'events',
  'class' => 'Event',
  'ds' => 'default',
)
Request URL: /dev/cal/full_calendar/events/feed?start=1363474800&end=1364079600&_=1363703358277
Stack Trace:
#0 D:\Projects\Joomla\.library\cake\2.3.1\lib\Cake\Model\Model.php(3231): Model->setSource('events')
#1 D:\Projects\Joomla\.library\cake\2.3.1\lib\Cake\Model\Model.php(2688): Model->getDataSource()
#2 D:\Projects\Joomla\dev\cal\Plugin\FullCalendar\Controller\EventsController.php(84): Model->find('all', Array)
#3 [internal function]: EventsController->feed()
#4 D:\Projects\Joomla\.library\cake\2.3.1\lib\Cake\Controller\Controller.php(486): ReflectionMethod->invokeArgs(Object(EventsController), Array)
#5 D:\Projects\Joomla\.library\cake\2.3.1\lib\Cake\Routing\Dispatcher.php(187): Controller->invokeAction(Object(CakeRequest))
#6 D:\Projects\Joomla\.library\cake\2.3.1\lib\Cake\Routing\Dispatcher.php(162): Dispatcher->_invoke(Object(EventsController), Object(CakeRequest), Object(CakeResponse))
#7 D:\Projects\Joomla\dev\cal\webroot\index.php(110): Dispatcher->dispatch(Object(CakeRequest), Object(CakeResponse))
#8 {main}
2013-03-19 15:29:29 Error: [MissingTableException] Table events for model Event was not found in datasource default.
Exception Attributes: array (
  'table' => 'events',
  'class' => 'Event',
  'ds' => 'default',
)
Request URL: /dev/cal/full_calendar/events/feed?start=1361660400&end=1365285600&_=1363703368894
Stack Trace:
#0 D:\Projects\Joomla\.library\cake\2.3.1\lib\Cake\Model\Model.php(3231): Model->setSource('events')
#1 D:\Projects\Joomla\.library\cake\2.3.1\lib\Cake\Model\Model.php(2688): Model->getDataSource()
#2 D:\Projects\Joomla\dev\cal\Plugin\FullCalendar\Controller\EventsController.php(84): Model->find('all', Array)
#3 [internal function]: EventsController->feed()
#4 D:\Projects\Joomla\.library\cake\2.3.1\lib\Cake\Controller\Controller.php(486): ReflectionMethod->invokeArgs(Object(EventsController), Array)
#5 D:\Projects\Joomla\.library\cake\2.3.1\lib\Cake\Routing\Dispatcher.php(187): Controller->invokeAction(Object(CakeRequest))
#6 D:\Projects\Joomla\.library\cake\2.3.1\lib\Cake\Routing\Dispatcher.php(162): Dispatcher->_invoke(Object(EventsController), Object(CakeRequest), Object(CakeResponse))
#7 D:\Projects\Joomla\dev\cal\webroot\index.php(110): Dispatcher->dispatch(Object(CakeRequest), Object(CakeResponse))
#8 {main}
2013-03-19 15:29:35 Error: [MissingTableException] Table event_types for model EventType was not found in datasource default.
Exception Attributes: array (
  'table' => 'event_types',
  'class' => 'EventType',
  'ds' => 'default',
)
Request URL: /dev/cal/full_calendar/events/add
Stack Trace:
#0 D:\Projects\Joomla\.library\cake\2.3.1\lib\Cake\Model\Model.php(3231): Model->setSource('event_types')
#1 D:\Projects\Joomla\.library\cake\2.3.1\lib\Cake\Model\Model.php(2688): Model->getDataSource()
#2 D:\Projects\Joomla\dev\cal\Plugin\FullCalendar\Controller\EventsController.php(44): Model->find('list')
#3 [internal function]: EventsController->add()
#4 D:\Projects\Joomla\.library\cake\2.3.1\lib\Cake\Controller\Controller.php(486): ReflectionMethod->invokeArgs(Object(EventsController), Array)
#5 D:\Projects\Joomla\.library\cake\2.3.1\lib\Cake\Routing\Dispatcher.php(187): Controller->invokeAction(Object(CakeRequest))
#6 D:\Projects\Joomla\.library\cake\2.3.1\lib\Cake\Routing\Dispatcher.php(162): Dispatcher->_invoke(Object(EventsController), Object(CakeRequest), Object(CakeResponse))
#7 D:\Projects\Joomla\dev\cal\webroot\index.php(110): Dispatcher->dispatch(Object(CakeRequest), Object(CakeResponse))
#8 {main}
2013-03-19 15:29:36 Error: [MissingActionException] Action EventsController::img() could not be found.
Exception Attributes: array (
  'controller' => 'EventsController',
  'action' => 'img',
)
Request URL: /dev/cal/full_calendar/events/img/ico/favicon.png
Stack Trace:
#0 D:\Projects\Joomla\.library\cake\2.3.1\lib\Cake\Routing\Dispatcher.php(187): Controller->invokeAction(Object(CakeRequest))
#1 D:\Projects\Joomla\.library\cake\2.3.1\lib\Cake\Routing\Dispatcher.php(162): Dispatcher->_invoke(Object(EventsController), Object(CakeRequest), Object(CakeResponse))
#2 D:\Projects\Joomla\dev\cal\webroot\index.php(110): Dispatcher->dispatch(Object(CakeRequest), Object(CakeResponse))
#3 {main}
2013-03-19 15:29:43 Error: [MissingTableException] Table events for model Event was not found in datasource default.
Exception Attributes: array (
  'table' => 'events',
  'class' => 'Event',
  'ds' => 'default',
)
Request URL: /dev/cal/full_calendar/events/feed?start=1363474800&end=1364079600&_=1363703383298
Stack Trace:
#0 D:\Projects\Joomla\.library\cake\2.3.1\lib\Cake\Model\Model.php(3231): Model->setSource('events')
#1 D:\Projects\Joomla\.library\cake\2.3.1\lib\Cake\Model\Model.php(2688): Model->getDataSource()
#2 D:\Projects\Joomla\dev\cal\Plugin\FullCalendar\Controller\EventsController.php(84): Model->find('all', Array)
#3 [internal function]: EventsController->feed()
#4 D:\Projects\Joomla\.library\cake\2.3.1\lib\Cake\Controller\Controller.php(486): ReflectionMethod->invokeArgs(Object(EventsController), Array)
#5 D:\Projects\Joomla\.library\cake\2.3.1\lib\Cake\Routing\Dispatcher.php(187): Controller->invokeAction(Object(CakeRequest))
#6 D:\Projects\Joomla\.library\cake\2.3.1\lib\Cake\Routing\Dispatcher.php(162): Dispatcher->_invoke(Object(EventsController), Object(CakeRequest), Object(CakeResponse))
#7 D:\Projects\Joomla\dev\cal\webroot\index.php(110): Dispatcher->dispatch(Object(CakeRequest), Object(CakeResponse))
#8 {main}
2013-03-19 15:32:21 Error: [MissingControllerException] Controller class ImgController could not be found.
Exception Attributes: array (
  'class' => 'ImgController',
  'plugin' => 'FullCalendar',
)
Request URL: /dev/cal/full_calendar/img/ico/favicon.png
Stack Trace:
#0 D:\Projects\Joomla\dev\cal\webroot\index.php(110): Dispatcher->dispatch(Object(CakeRequest), Object(CakeResponse))
#1 {main}
2013-03-19 15:32:25 Error: [MissingActionException] Action EventTypesController::img() could not be found.
Exception Attributes: array (
  'controller' => 'EventTypesController',
  'action' => 'img',
)
Request URL: /dev/cal/full_calendar/event_types/img/ico/favicon.png
Stack Trace:
#0 D:\Projects\Joomla\.library\cake\2.3.1\lib\Cake\Routing\Dispatcher.php(187): Controller->invokeAction(Object(CakeRequest))
#1 D:\Projects\Joomla\.library\cake\2.3.1\lib\Cake\Routing\Dispatcher.php(162): Dispatcher->_invoke(Object(EventTypesController), Object(CakeRequest), Object(CakeResponse))
#2 D:\Projects\Joomla\dev\cal\webroot\index.php(110): Dispatcher->dispatch(Object(CakeRequest), Object(CakeResponse))
#3 {main}
2013-03-19 15:32:25 Error: [MissingActionException] Action EventTypesController::img() could not be found.
Exception Attributes: array (
  'controller' => 'EventTypesController',
  'action' => 'img',
)
Request URL: /dev/cal/full_calendar/event_types/img/ico/favicon.png
Stack Trace:
#0 D:\Projects\Joomla\.library\cake\2.3.1\lib\Cake\Routing\Dispatcher.php(187): Controller->invokeAction(Object(CakeRequest))
#1 D:\Projects\Joomla\.library\cake\2.3.1\lib\Cake\Routing\Dispatcher.php(162): Dispatcher->_invoke(Object(EventTypesController), Object(CakeRequest), Object(CakeResponse))
#2 D:\Projects\Joomla\dev\cal\webroot\index.php(110): Dispatcher->dispatch(Object(CakeRequest), Object(CakeResponse))
#3 {main}
2013-03-19 15:34:24 Error: [MissingPluginException] Plugin  could not be found.
Exception Attributes: array (
  'plugin' => '',
)
Stack Trace:
#0 D:\Projects\Joomla\.library\cake\2.3.1\lib\Cake\Routing\Filter\AssetDispatcher.php(130): CakePlugin::path('')
#1 D:\Projects\Joomla\.library\cake\2.3.1\lib\Cake\Routing\Filter\AssetDispatcher.php(55): AssetDispatcher->_getAssetFile('/full_calendar/...')
#2 [internal function]: AssetDispatcher->beforeDispatch(Object(CakeEvent))
#3 D:\Projects\Joomla\.library\cake\2.3.1\lib\Cake\Event\CakeEventManager.php(248): call_user_func(Array, Object(CakeEvent))
#4 D:\Projects\Joomla\.library\cake\2.3.1\lib\Cake\Routing\Dispatcher.php(142): CakeEventManager->dispatch(Object(CakeEvent))
#5 D:\Projects\Joomla\dev\cal\webroot\index.php(110): Dispatcher->dispatch(Object(CakeRequest), Object(CakeResponse))
#6 {main}
2013-03-19 16:38:57 Error: [MissingControllerException] Controller class DevController could not be found.
Exception Attributes: array (
  'class' => 'DevController',
  'plugin' => NULL,
)
Request URL: /dev/cal/dev/
Stack Trace:
#0 D:\Projects\Joomla\dev\cal\webroot\index.php(110): Dispatcher->dispatch(Object(CakeRequest), Object(CakeResponse))
#1 {main}
2013-03-19 16:41:04 Error: [MissingControllerException] Controller class DevController could not be found.
Exception Attributes: array (
  'class' => 'DevController',
  'plugin' => NULL,
)
Request URL: /dev/cal/dev/
Stack Trace:
#0 D:\Projects\Joomla\dev\cal\webroot\index.php(110): Dispatcher->dispatch(Object(CakeRequest), Object(CakeResponse))
#1 {main}
2013-03-19 16:41:09 Error: [MissingControllerException] Controller class DevController could not be found.
Exception Attributes: array (
  'class' => 'DevController',
  'plugin' => NULL,
)
Request URL: /dev/cal/dev/
Stack Trace:
#0 D:\Projects\Joomla\dev\cal\webroot\index.php(110): Dispatcher->dispatch(Object(CakeRequest), Object(CakeResponse))
#1 {main}
2013-03-19 16:42:31 Error: [MissingControllerException] Controller class DevController could not be found.
Exception Attributes: array (
  'class' => 'DevController',
  'plugin' => NULL,
)
Request URL: /dev/cal/dev/
Stack Trace:
#0 D:\Projects\Joomla\dev\cal\webroot\index.php(110): Dispatcher->dispatch(Object(CakeRequest), Object(CakeResponse))
#1 {main}
2013-03-19 16:44:26 Error: [MissingControllerException] Controller class DevController could not be found.
Exception Attributes: array (
  'class' => 'DevController',
  'plugin' => NULL,
)
Request URL: /dev/cal/dev/
Stack Trace:
#0 D:\Projects\Joomla\dev\cal\webroot\index.php(110): Dispatcher->dispatch(Object(CakeRequest), Object(CakeResponse))
#1 {main}
2013-03-19 16:45:09 Error: [MissingControllerException] Controller class DevController could not be found.
Exception Attributes: array (
  'class' => 'DevController',
  'plugin' => NULL,
)
Request URL: /dev/cal/dev/
Stack Trace:
#0 D:\Projects\Joomla\dev\cal\webroot\index.php(110): Dispatcher->dispatch(Object(CakeRequest), Object(CakeResponse))
#1 {main}
2013-03-19 16:46:09 Error: [MissingControllerException] Controller class DevController could not be found.
Exception Attributes: array (
  'class' => 'DevController',
  'plugin' => NULL,
)
Request URL: /dev/cal/dev/
Stack Trace:
#0 D:\Projects\Joomla\dev\cal\webroot\index.php(110): Dispatcher->dispatch(Object(CakeRequest), Object(CakeResponse))
#1 {main}
2013-03-19 16:49:16 Error: [MissingControllerException] Controller class DevController could not be found.
Exception Attributes: array (
  'class' => 'DevController',
  'plugin' => NULL,
)
Request URL: /dev/cal/dev/
Stack Trace:
#0 D:\Projects\Joomla\dev\cal\webroot\index.php(110): Dispatcher->dispatch(Object(CakeRequest), Object(CakeResponse))
#1 {main}
2013-03-19 16:49:56 Error: [MissingControllerException] Controller class DevController could not be found.
Exception Attributes: array (
  'class' => 'DevController',
  'plugin' => NULL,
)
Request URL: /dev/cal/dev/
Stack Trace:
#0 D:\Projects\Joomla\dev\cal\webroot\index.php(110): Dispatcher->dispatch(Object(CakeRequest), Object(CakeResponse))
#1 {main}
2013-03-19 16:54:18 Error: [MissingControllerException] Controller class DevController could not be found.
Exception Attributes: array (
  'class' => 'DevController',
  'plugin' => NULL,
)
Request URL: /dev/cal/dev/
Stack Trace:
#0 D:\Projects\Joomla\dev\cal\webroot\index.php(110): Dispatcher->dispatch(Object(CakeRequest), Object(CakeResponse))
#1 {main}
2013-03-19 16:54:25 Error: [MissingControllerException] Controller class DevController could not be found.
Exception Attributes: array (
  'class' => 'DevController',
  'plugin' => NULL,
)
Request URL: /dev/cal/dev/test
Stack Trace:
#0 D:\Projects\Joomla\dev\cal\webroot\index.php(110): Dispatcher->dispatch(Object(CakeRequest), Object(CakeResponse))
#1 {main}
2013-03-19 16:54:57 Error: [MissingControllerException] Controller class DevController could not be found.
Exception Attributes: array (
  'class' => 'DevController',
  'plugin' => NULL,
)
Request URL: /dev/cal/dev/test
Stack Trace:
#0 D:\Projects\Joomla\dev\cal\webroot\index.php(110): Dispatcher->dispatch(Object(CakeRequest), Object(CakeResponse))
#1 {main}
2013-03-19 16:55:01 Error: [MissingControllerException] Controller class DevController could not be found.
Exception Attributes: array (
  'class' => 'DevController',
  'plugin' => NULL,
)
Request URL: /dev/cal/dev/test
Stack Trace:
#0 D:\Projects\Joomla\dev\cal\webroot\index.php(110): Dispatcher->dispatch(Object(CakeRequest), Object(CakeResponse))
#1 {main}
2013-03-19 17:04:15 Error: [MissingActionException] Action TestController::img() could not be found.
Exception Attributes: array (
  'controller' => 'TestController',
  'action' => 'img',
)
Request URL: /dev/cal/test/img/ico/favicon.png
Stack Trace:
#0 D:\Projects\Joomla\.library\cake\2.3.1\lib\Cake\Routing\Dispatcher.php(187): Controller->invokeAction(Object(CakeRequest))
#1 D:\Projects\Joomla\.library\cake\2.3.1\lib\Cake\Routing\Dispatcher.php(162): Dispatcher->_invoke(Object(TestController), Object(CakeRequest), Object(CakeResponse))
#2 D:\Projects\Joomla\dev\cal\webroot\index.php(110): Dispatcher->dispatch(Object(CakeRequest), Object(CakeResponse))
#3 {main}
2013-03-19 17:04:15 Error: [MissingActionException] Action TestController::img() could not be found.
Exception Attributes: array (
  'controller' => 'TestController',
  'action' => 'img',
)
Request URL: /dev/cal/test/img/ico/favicon.png
Stack Trace:
#0 D:\Projects\Joomla\.library\cake\2.3.1\lib\Cake\Routing\Dispatcher.php(187): Controller->invokeAction(Object(CakeRequest))
#1 D:\Projects\Joomla\.library\cake\2.3.1\lib\Cake\Routing\Dispatcher.php(162): Dispatcher->_invoke(Object(TestController), Object(CakeRequest), Object(CakeResponse))
#2 D:\Projects\Joomla\dev\cal\webroot\index.php(110): Dispatcher->dispatch(Object(CakeRequest), Object(CakeResponse))
#3 {main}
2013-03-20 10:54:50 Error: [MissingActionException] Action TestController::img() could not be found.
Exception Attributes: array (
  'controller' => 'TestController',
  'action' => 'img',
)
Request URL: /dev/cal/test/img/ico/favicon.png
Stack Trace:
#0 D:\Disk-E\Domains\Siti\nospace\h2o.nospace.net\.library\cake\2.3.1\lib\Cake\Routing\Dispatcher.php(187): Controller->invokeAction(Object(CakeRequest))
#1 D:\Disk-E\Domains\Siti\nospace\h2o.nospace.net\.library\cake\2.3.1\lib\Cake\Routing\Dispatcher.php(162): Dispatcher->_invoke(Object(TestController), Object(CakeRequest), Object(CakeResponse))
#2 D:\Disk-E\Domains\Siti\nospace\h2o.nospace.net\dev\cal\webroot\index.php(110): Dispatcher->dispatch(Object(CakeRequest), Object(CakeResponse))
#3 {main}
2013-03-20 10:54:51 Error: [MissingActionException] Action TestController::img() could not be found.
Exception Attributes: array (
  'controller' => 'TestController',
  'action' => 'img',
)
Request URL: /dev/cal/test/img/ico/favicon.png
Stack Trace:
#0 D:\Disk-E\Domains\Siti\nospace\h2o.nospace.net\.library\cake\2.3.1\lib\Cake\Routing\Dispatcher.php(187): Controller->invokeAction(Object(CakeRequest))
#1 D:\Disk-E\Domains\Siti\nospace\h2o.nospace.net\.library\cake\2.3.1\lib\Cake\Routing\Dispatcher.php(162): Dispatcher->_invoke(Object(TestController), Object(CakeRequest), Object(CakeResponse))
#2 D:\Disk-E\Domains\Siti\nospace\h2o.nospace.net\dev\cal\webroot\index.php(110): Dispatcher->dispatch(Object(CakeRequest), Object(CakeResponse))
#3 {main}
2013-03-20 10:56:54 Error: [MissingControllerException] Controller class DevController could not be found.
Exception Attributes: array (
  'class' => 'DevController',
  'plugin' => NULL,
)
Request URL: /dev/cal/dev/
Stack Trace:
#0 D:\Disk-E\Domains\Siti\nospace\h2o.nospace.net\dev\cal\webroot\index.php(110): Dispatcher->dispatch(Object(CakeRequest), Object(CakeResponse))
#1 {main}
